# project ns (3.15) configured on Tue Mar 19 00:33:14 2013 by
# waf 1.6.11 (abi 98, python 20703f0 on linux2)
# using waf configure --with-pybindgen ../pybindgen-0.15.0.809 --with-nsc ../nsc-0.5.3
#
----------------------------------------
Setting top to
/home/brook/nsuser/ns-allinone-3.15/ns-3.15
----------------------------------------
Setting out to
/home/brook/nsuser/ns-allinone-3.15/ns-3.15/build
----------------------------------------
Checking for 'gcc' (c compiler)
find program=['gcc', 'cc'] paths=['/usr/lib/lightdm/lightdm', '/usr/local/sbin', '/usr/local/bin', '/usr/sbin', '/usr/bin', '/sbin', '/bin', '/usr/games'] var='CC' -> '/usr/bin/gcc'
find program=['ar'] paths=['/usr/lib/lightdm/lightdm', '/usr/local/sbin', '/usr/local/bin', '/usr/sbin', '/usr/bin', '/sbin', '/bin', '/usr/games'] var='AR' -> '/usr/bin/ar'
/usr/bin/gcc
----------------------------------------
Checking for 'g++' (c++ compiler)
find program=['g++', 'c++'] paths=['/usr/lib/lightdm/lightdm', '/usr/local/sbin', '/usr/local/bin', '/usr/sbin', '/usr/bin', '/sbin', '/bin', '/usr/games'] var='CXX' -> '/usr/bin/g++'
(tool ar is already loaded, skipping)
/usr/bin/g++
----------------------------------------
Checking for program pkg-config
/usr/bin/pkg-config
find program=['pkg-config'] paths=['/usr/lib/lightdm/lightdm', '/usr/local/sbin', '/usr/local/bin', '/usr/sbin', '/usr/bin', '/sbin', '/bin', '/usr/games'] var='PKG_CONFIG' -> '/usr/bin/pkg-config'
---------------------------------------------------------
Checking for compilation flag -Wl,--soname=foo... support
==>
#include <stdio.h>
int main() { return 0; }

<==
[1/2] [32mcxx: build/.conf_check_fe0ca542f39064c5a14ee41a2e983996/test.cc -> build/.conf_check_fe0ca542f39064c5a14ee41a2e983996/testbuild/test.cc.1.o
[0m
['/usr/bin/g++', '-O0', '-ggdb', '-g3', '-Wall', '-Werror', '-Wl,--soname=foo', '-DNS3_ASSERT_ENABLE', '-DNS3_LOG_ENABLE', '../test.cc', '-c', '-o', 'test.cc.1.o']
[2/2] [33mcxxprogram: build/.conf_check_fe0ca542f39064c5a14ee41a2e983996/testbuild/test.cc.1.o -> build/.conf_check_fe0ca542f39064c5a14ee41a2e983996/testbuild/testprog
[0m
['/usr/bin/g++', 'test.cc.1.o', '-o', '/home/brook/nsuser/ns-allinone-3.15/ns-3.15/build/.conf_check_fe0ca542f39064c5a14ee41a2e983996/testbuild/testprog', '-Wl,-Bstatic', '-Wl,-Bdynamic']
ok
---------------------------------------------------------
Checking for program python
/usr/bin/python
find program=['python'] paths=['/usr/lib/lightdm/lightdm', '/usr/local/sbin', '/usr/local/bin', '/usr/sbin', '/usr/bin', '/sbin', '/bin', '/usr/games'] var='PYTHON' -> '/usr/bin/python'
['/usr/bin/python', '-c', 'import sys\nfor x in sys.version_info: print(str(x))']
out: 2
7
3
final
0

['/usr/bin/python', '-c', "from distutils.sysconfig import get_config_var, get_python_lib\n\nprint(repr(get_python_lib(standard_lib=0, prefix='/usr/local') or ''))"]
out: '/usr/local/lib/python2.7/dist-packages'

['/usr/bin/python', '-c', "from distutils.sysconfig import get_config_var, get_python_lib\n\nprint(repr(get_python_lib(plat_specific=1, standard_lib=0, prefix='/usr/local') or ''))"]
out: '/usr/local/lib/python2.7/dist-packages'

---------------------------------------------------------
Checking for python version
(2, 7, 3, 'final', 0)
['/usr/bin/python', '-c', "from distutils.sysconfig import get_config_var, get_python_lib\n\nprint(repr(get_config_var('prefix') or ''))\nprint(repr(get_config_var('SO') or ''))\nprint(repr(get_config_var('LDFLAGS') or ''))\nprint(repr(get_config_var('LIBDIR') or ''))\nprint(repr(get_config_var('LIBPL') or ''))\nprint(repr(get_config_var('INCLUDEPY') or ''))\nprint(repr(get_config_var('Py_ENABLE_SHARED') or ''))\nprint(repr(get_config_var('MACOSX_DEPLOYMENT_TARGET') or ''))\nprint(repr(get_config_var('LDSHARED') or ''))\nprint(repr(get_config_var('CFLAGS') or ''))"]
out: '/usr'
'.so'
'-Wl,-Bsymbolic-functions -Wl,-z,relro'
'/usr/lib'
'/usr/lib/python2.7/config'
'/usr/include/python2.7'
''
''
'gcc -pthread -shared -Wl,-O1 -Wl,-Bsymbolic-functions -Wl,-Bsymbolic-functions -Wl,-z,relro'
'-fno-strict-aliasing -DNDEBUG -g -fwrapv -O2 -Wall -Wstrict-prototypes -g -fstack-protector --param=ssp-buffer-size=4 -Wformat -Wformat-security -Werror=format-security'

Configuration returned from ['/usr/bin/python']:
"prefix = '/usr'\nSO = '.so'\nLDFLAGS = '-Wl,-Bsymbolic-functions -Wl,-z,relro'\nLIBDIR = '/usr/lib'\nLIBPL = '/usr/lib/python2.7/config'\nINCLUDEPY = '/usr/include/python2.7'\nPy_ENABLE_SHARED = ''\nMACOSX_DEPLOYMENT_TARGET = ''\nLDSHARED = 'gcc -pthread -shared -Wl,-O1 -Wl,-Bsymbolic-functions -Wl,-Bsymbolic-functions -Wl,-z,relro'\nCFLAGS = '-fno-strict-aliasing -DNDEBUG -g -fwrapv -O2 -Wall -Wstrict-prototypes -g -fstack-protector --param=ssp-buffer-size=4 -Wformat -Wformat-security -Werror=format-security'"



# try again with -L$python_LIBDIR: ['/usr/lib']

---------------------------------------------------------
Checking for library python2.7 in LIBDIR
==>

int main() {
	return 0;
}

<==
[1/2] [32mcxx: build/.conf_check_9a1d0551212c9d703363e62dfbc51c79/test.cpp -> build/.conf_check_9a1d0551212c9d703363e62dfbc51c79/testbuild/test.cpp.1.o
[0m
['/usr/bin/g++', '-O0', '-ggdb', '-g3', '-Wall', '-Werror', '-fno-strict-aliasing', '-fwrapv', '-fstack-protector', '-DNS3_ASSERT_ENABLE', '-DNS3_LOG_ENABLE', '-DPYTHONDIR="/usr/local/lib/python2.7/dist-packages"', '-DPYTHONARCHDIR="/usr/local/lib/python2.7/dist-packages"', '-DNDEBUG', '../test.cpp', '-c', '-o', 'test.cpp.1.o']
[2/2] [33mcxxprogram: build/.conf_check_9a1d0551212c9d703363e62dfbc51c79/testbuild/test.cpp.1.o -> build/.conf_check_9a1d0551212c9d703363e62dfbc51c79/testbuild/testprog
[0m
['/usr/bin/g++', '-Wl,-Bsymbolic-functions', '-Wl,-z,relro', 'test.cpp.1.o', '-o', '/home/brook/nsuser/ns-allinone-3.15/ns-3.15/build/.conf_check_9a1d0551212c9d703363e62dfbc51c79/testbuild/testprog', '-Wl,-Bstatic', '-Wl,-Bdynamic', '-L/usr/lib', '-lpython2.7']
yes
-------------------------------------------------------------------------
Checking for program python2.7-config,python-config-2.7,python2.7m-config
/usr/bin/python2.7-config
find program=['python2.7-config', 'python-config-2.7', 'python2.7m-config'] paths=['/usr/lib/lightdm/lightdm', '/usr/local/sbin', '/usr/local/bin', '/usr/sbin', '/usr/bin', '/sbin', '/bin', '/usr/games'] var='PYTHON_CONFIG' -> '/usr/bin/python2.7-config'
['/usr/bin/python2.7-config', '--includes']
out: -I/usr/include/python2.7 -I/usr/include/python2.7

Include path for Python extensions (found via python-config --includes): ['/usr/include/python2.7']

-------------------------------------------------------------------------
Checking for header Python.h
==>

#include <Python.h>
#ifdef __cplusplus
extern "C" {
#endif
	void Py_Initialize(void);
	void Py_Finalize(void);
#ifdef __cplusplus
}
#endif
int main()
{
   Py_Initialize();
   Py_Finalize();
   return 0;
}

<==
[1/2] [32mcxx: build/.conf_check_d6c8946949ece91ce43c989711393fec/test.cpp -> build/.conf_check_d6c8946949ece91ce43c989711393fec/testbuild/test.cpp.1.o
[0m
['/usr/bin/g++', '-O0', '-ggdb', '-g3', '-Wall', '-Werror', '-fno-strict-aliasing', '-fwrapv', '-fstack-protector', '-fno-strict-aliasing', '-I/usr/include/python2.7', '-DNS3_ASSERT_ENABLE', '-DNS3_LOG_ENABLE', '-DPYTHONDIR="/usr/local/lib/python2.7/dist-packages"', '-DPYTHONARCHDIR="/usr/local/lib/python2.7/dist-packages"', '-DNDEBUG', '../test.cpp', '-c', '-o', 'test.cpp.1.o']
[2/2] [33mcxxprogram: build/.conf_check_d6c8946949ece91ce43c989711393fec/testbuild/test.cpp.1.o -> build/.conf_check_d6c8946949ece91ce43c989711393fec/testbuild/testprog
[0m
['/usr/bin/g++', '-Wl,-Bsymbolic-functions', '-Wl,-z,relro', 'test.cpp.1.o', '-o', '/home/brook/nsuser/ns-allinone-3.15/ns-3.15/build/.conf_check_d6c8946949ece91ce43c989711393fec/testbuild/testprog', '-Wl,-Bstatic', '-Wl,-Bdynamic', '-L/usr/lib', '-lpython2.7']
yes
-------------------------------------------------------------------------
Checking for compilation flag -fvisibility=hidden... support
==>
#include <stdio.h>
int main() { return 0; }

<==
[1/2] [32mcxx: build/.conf_check_fe0ca542f39064c5a14ee41a2e983996/test.cc -> build/.conf_check_fe0ca542f39064c5a14ee41a2e983996/testbuild/test.cc.1.o
[0m
['/usr/bin/g++', '-O0', '-ggdb', '-g3', '-Wall', '-Werror', '-fvisibility=hidden', '-DNS3_ASSERT_ENABLE', '-DNS3_LOG_ENABLE', '-DPYTHONDIR="/usr/local/lib/python2.7/dist-packages"', '-DPYTHONARCHDIR="/usr/local/lib/python2.7/dist-packages"', '-DHAVE_PYTHON_H=1', '../test.cc', '-c', '-o', 'test.cc.1.o']
[2/2] [33mcxxprogram: build/.conf_check_fe0ca542f39064c5a14ee41a2e983996/testbuild/test.cc.1.o -> build/.conf_check_fe0ca542f39064c5a14ee41a2e983996/testbuild/testprog
[0m
['/usr/bin/g++', 'test.cc.1.o', '-o', '/home/brook/nsuser/ns-allinone-3.15/ns-3.15/build/.conf_check_fe0ca542f39064c5a14ee41a2e983996/testbuild/testprog', '-Wl,-Bstatic', '-Wl,-Bdynamic']
ok
-------------------------------------------------------------------------
Checking for compilation flag -Wno-array-bounds... support
==>
#include <stdio.h>
int main() { return 0; }

<==
[1/2] [32mcxx: build/.conf_check_fe0ca542f39064c5a14ee41a2e983996/test.cc -> build/.conf_check_fe0ca542f39064c5a14ee41a2e983996/testbuild/test.cc.1.o
[0m
['/usr/bin/g++', '-O0', '-ggdb', '-g3', '-Wall', '-Werror', '-Wno-array-bounds', '-DNS3_ASSERT_ENABLE', '-DNS3_LOG_ENABLE', '-DPYTHONDIR="/usr/local/lib/python2.7/dist-packages"', '-DPYTHONARCHDIR="/usr/local/lib/python2.7/dist-packages"', '-DHAVE_PYTHON_H=1', '../test.cc', '-c', '-o', 'test.cc.1.o']
[2/2] [33mcxxprogram: build/.conf_check_fe0ca542f39064c5a14ee41a2e983996/testbuild/test.cc.1.o -> build/.conf_check_fe0ca542f39064c5a14ee41a2e983996/testbuild/testprog
[0m
['/usr/bin/g++', 'test.cc.1.o', '-o', '/home/brook/nsuser/ns-allinone-3.15/ns-3.15/build/.conf_check_fe0ca542f39064c5a14ee41a2e983996/testbuild/testprog', '-Wl,-Bstatic', '-Wl,-Bdynamic']
ok
-------------------------------------------------------------------------
Checking for pybindgen location
../pybindgen-0.15.0.809 (given)
-------------------------------------------------------------------------
Python module pybindgen
['/usr/bin/python', '-c', "\nimport pybindgen as current_module\nversion = getattr(current_module, '__version__', None)\nif version is not None:\n    print(str(version))\nelse:\n    print('unknown version')\n"]
out: unknown version

ok
-------------------------------------------------------------------------
Checking for pybindgen version
0.15.0.809
==>

#include <stdint.h>
#include <vector>

int main ()
{
   std::vector< uint64_t > t = std::vector< unsigned long > ();
   return 0;
}

<==
[1/2] [32mcxx: build/.conf_check_efd20fc635aad783e4d3953701740533/test.cc -> build/.conf_check_efd20fc635aad783e4d3953701740533/testbuild/test.cc.1.o
[0m
['/usr/bin/g++', '-O0', '-ggdb', '-g3', '-Wall', '-Werror', '-DNS3_ASSERT_ENABLE', '-DNS3_LOG_ENABLE', '-DPYTHONDIR="/usr/local/lib/python2.7/dist-packages"', '-DPYTHONARCHDIR="/usr/local/lib/python2.7/dist-packages"', '-DHAVE_PYTHON_H=1', '../test.cc', '-c', '-o', 'test.cc.1.o']
err: ../test.cc: In function ‘int main()’:
../test.cc:7:62: error: conversion from ‘std::vector<long unsigned int>’ to non-scalar type ‘std::vector<long long unsigned int>’ requested

from /home/brook/nsuser/ns-allinone-3.15/ns-3.15/bindings/python: Test does not build: Traceback (most recent call last):
  File "/home/brook/nsuser/ns-allinone-3.15/ns-3.15/.waf-1.6.11-30618c54883417962c38f5d395f83584/waflib/Tools/c_config.py", line 445, in run_c_code
    bld.compile()
  File "/home/brook/nsuser/ns-allinone-3.15/ns-3.15/.waf-1.6.11-30618c54883417962c38f5d395f83584/waflib/Build.py", line 190, in compile
    raise Errors.BuildError(self.producer.error)
BuildError: Build failed
 -> task in 'testprog' failed (exit status 1): 
	{task 169005228: cxx test.cc -> test.cc.1.o}
['/usr/bin/g++', '-O0', '-ggdb', '-g3', '-Wall', '-Werror', '-DNS3_ASSERT_ENABLE', '-DNS3_LOG_ENABLE', '-DPYTHONDIR="/usr/local/lib/python2.7/dist-packages"', '-DPYTHONARCHDIR="/usr/local/lib/python2.7/dist-packages"', '-DHAVE_PYTHON_H=1', '../test.cc', '-c', '-o', 'test.cc.1.o']

-------------------------------------------------------------------------
Checking for types uint64_t and unsigned long equivalence
no
==>

#include <stdint.h>
#include <vector>

int main ()
{
   std::vector< uint64_t > t = std::vector< unsigned long long > ();
   return 0;
}

<==
[1/2] [32mcxx: build/.conf_check_355be13189b7b0ddfb123175e2bb33a5/test.cc -> build/.conf_check_355be13189b7b0ddfb123175e2bb33a5/testbuild/test.cc.1.o
[0m
['/usr/bin/g++', '-O0', '-ggdb', '-g3', '-Wall', '-Werror', '-DNS3_ASSERT_ENABLE', '-DNS3_LOG_ENABLE', '-DPYTHONDIR="/usr/local/lib/python2.7/dist-packages"', '-DPYTHONARCHDIR="/usr/local/lib/python2.7/dist-packages"', '-DHAVE_PYTHON_H=1', '../test.cc', '-c', '-o', 'test.cc.1.o']
[2/2] [33mcxxprogram: build/.conf_check_355be13189b7b0ddfb123175e2bb33a5/testbuild/test.cc.1.o -> build/.conf_check_355be13189b7b0ddfb123175e2bb33a5/testbuild/testprog
[0m
['/usr/bin/g++', 'test.cc.1.o', '-o', '/home/brook/nsuser/ns-allinone-3.15/ns-3.15/build/.conf_check_355be13189b7b0ddfb123175e2bb33a5/testbuild/testprog', '-Wl,-Bstatic', '-Wl,-Bdynamic']
-------------------------------------------------------------------------
Checking for types uint64_t and unsigned long long equivalence
yes
-------------------------------------------------------------------------
Checking for the apidefs that can be used for Python bindings
gcc-ILP32
-------------------------------------------------------------------------
Checking for internal GCC cxxabi
==>

# include <cxxabi.h>
int main ()
{
   const abi::__si_class_type_info *_typeinfo  __attribute__((unused)) = NULL;
   return 0;
}

<==
[1/2] [32mcxx: build/.conf_check_97f735b5464546b54ea13ec62d1c17e5/test.cpp -> build/.conf_check_97f735b5464546b54ea13ec62d1c17e5/testbuild/test.cpp.1.o
[0m
['/usr/bin/g++', '-O0', '-ggdb', '-g3', '-Wall', '-Werror', '-DNS3_ASSERT_ENABLE', '-DNS3_LOG_ENABLE', '-DPYTHONDIR="/usr/local/lib/python2.7/dist-packages"', '-DPYTHONARCHDIR="/usr/local/lib/python2.7/dist-packages"', '-DHAVE_PYTHON_H=1', '../test.cpp', '-c', '-o', 'test.cpp.1.o']
[2/2] [33mcxxprogram: build/.conf_check_97f735b5464546b54ea13ec62d1c17e5/testbuild/test.cpp.1.o -> build/.conf_check_97f735b5464546b54ea13ec62d1c17e5/testbuild/testprog
[0m
['/usr/bin/g++', 'test.cpp.1.o', '-o', '/home/brook/nsuser/ns-allinone-3.15/ns-3.15/build/.conf_check_97f735b5464546b54ea13ec62d1c17e5/testbuild/testprog', '-Wl,-Bstatic', '-Wl,-Bdynamic']
complete
-------------------------------------------------------------------------
Python module pygccxml
['/usr/bin/python', '-c', "\nimport pygccxml as current_module\nversion = getattr(current_module, '__version__', None)\nif version is not None:\n    print(str(version))\nelse:\n    print('unknown version')\n"]
err: Traceback (most recent call last):
  File "<string>", line 2, in <module>
ImportError: No module named pygccxml

not found
from /home/brook/nsuser/ns-allinone-3.15/ns-3.15/bindings/python: Could not find the python module 'pygccxml'
-------------------------------------------------------------------------
Checking for click location
not found
-------------------------------------------------------------------------
Checking for pkg-config flags for GTK_CONFIG_STORE
['/usr/bin/pkg-config', '--cflags', '--libs', 'gtk+-2.0 >= 2.12']: '-pthread -I/usr/include/gtk-2.0 -I/usr/lib/i386-linux-gnu/gtk-2.0/include -I/usr/include/atk-1.0 -I/usr/include/cairo -I/usr/include/gdk-pixbuf-2.0 -I/usr/include/pango-1.0 -I/usr/include/gio-unix-2.0/ -I/usr/include/glib-2.0 -I/usr/lib/i386-linux-gnu/glib-2.0/include -I/usr/include/pixman-1 -I/usr/include/freetype2 -I/usr/include/libpng12  -lgtk-x11-2.0 -lgdk-x11-2.0 -latk-1.0 -lgio-2.0 -lpangoft2-1.0 -lpangocairo-1.0 -lgdk_pixbuf-2.0 -lcairo -lpango-1.0 -lfreetype -lfontconfig -lgobject-2.0 -lglib-2.0  \n' (exit code 0)

ok
-------------------------------------------------------------------------
Checking for pkg-config flags for LIBXML2
['/usr/bin/pkg-config', '--cflags', '--libs', 'libxml-2.0 >= 2.6']: '-I/usr/include/libxml2  -lxml2  \n' (exit code 0)

ok
-------------------------------------------------------------------------
Checking for type uint128_t
==>
#include <stdint.h>

int main() {
	if ((uint128_t *) 0) return 0;
	if (sizeof (uint128_t)) return 0;
}

<==
[1/2] [32mcxx: build/.conf_check_9a9aa0a48a7447bdd461f06307f32dc7/test.cpp -> build/.conf_check_9a9aa0a48a7447bdd461f06307f32dc7/testbuild/test.cpp.1.o
[0m
['/usr/bin/g++', '-O0', '-ggdb', '-g3', '-Wall', '-Werror', '-DNS3_ASSERT_ENABLE', '-DNS3_LOG_ENABLE', '../test.cpp', '-c', '-o', 'test.cpp.1.o']
err: ../test.cpp: In function ‘int main()’:
../test.cpp:4:7: error: ‘uint128_t’ was not declared in this scope
../test.cpp:4:18: error: expected primary-expression before ‘)’ token
../test.cpp:4:20: error: expected ‘)’ before numeric constant
../test.cpp:5:14: error: ‘uint128_t’ was not declared in this scope

from /home/brook/nsuser/ns-allinone-3.15/ns-3.15/src/core: Test does not build: Traceback (most recent call last):
  File "/home/brook/nsuser/ns-allinone-3.15/ns-3.15/.waf-1.6.11-30618c54883417962c38f5d395f83584/waflib/Tools/c_config.py", line 445, in run_c_code
    bld.compile()
  File "/home/brook/nsuser/ns-allinone-3.15/ns-3.15/.waf-1.6.11-30618c54883417962c38f5d395f83584/waflib/Build.py", line 190, in compile
    raise Errors.BuildError(self.producer.error)
BuildError: Build failed
 -> task in 'testprog' failed (exit status 1): 
	{task 168431276: cxx test.cpp -> test.cpp.1.o}
['/usr/bin/g++', '-O0', '-ggdb', '-g3', '-Wall', '-Werror', '-DNS3_ASSERT_ENABLE', '-DNS3_LOG_ENABLE', '../test.cpp', '-c', '-o', 'test.cpp.1.o']

not found
from /home/brook/nsuser/ns-allinone-3.15/ns-3.15/src/core: The configuration failed
-------------------------------------------------------------------------
Checking for type __uint128_t
==>
#include <stdint.h>

int main() {
	if ((__uint128_t *) 0) return 0;
	if (sizeof (__uint128_t)) return 0;
}

<==
[1/2] [32mcxx: build/.conf_check_703a8a276d4ad265d967b1b45f1fc578/test.cpp -> build/.conf_check_703a8a276d4ad265d967b1b45f1fc578/testbuild/test.cpp.1.o
[0m
['/usr/bin/g++', '-O0', '-ggdb', '-g3', '-Wall', '-Werror', '-DNS3_ASSERT_ENABLE', '-DNS3_LOG_ENABLE', '../test.cpp', '-c', '-o', 'test.cpp.1.o']
err: ../test.cpp: In function ‘int main()’:
../test.cpp:4:7: error: ‘__uint128_t’ was not declared in this scope
../test.cpp:4:20: error: expected primary-expression before ‘)’ token
../test.cpp:4:22: error: expected ‘)’ before numeric constant
../test.cpp:5:14: error: ‘__uint128_t’ was not declared in this scope

from /home/brook/nsuser/ns-allinone-3.15/ns-3.15/src/core: Test does not build: Traceback (most recent call last):
  File "/home/brook/nsuser/ns-allinone-3.15/ns-3.15/.waf-1.6.11-30618c54883417962c38f5d395f83584/waflib/Tools/c_config.py", line 445, in run_c_code
    bld.compile()
  File "/home/brook/nsuser/ns-allinone-3.15/ns-3.15/.waf-1.6.11-30618c54883417962c38f5d395f83584/waflib/Build.py", line 190, in compile
    raise Errors.BuildError(self.producer.error)
BuildError: Build failed
 -> task in 'testprog' failed (exit status 1): 
	{task 168467404: cxx test.cpp -> test.cpp.1.o}
['/usr/bin/g++', '-O0', '-ggdb', '-g3', '-Wall', '-Werror', '-DNS3_ASSERT_ENABLE', '-DNS3_LOG_ENABLE', '../test.cpp', '-c', '-o', 'test.cpp.1.o']

not found
from /home/brook/nsuser/ns-allinone-3.15/ns-3.15/src/core: The configuration failed
-------------------------------------------------------------------------
Checking high precision time implementation
cairo 128-bit integer
-------------------------------------------------------------------------
Checking for header stdint.h
==>
#include <stdint.h>

int main() {
	return 0;
}

<==
[1/2] [32mcxx: build/.conf_check_c59373285bc13999c3df79164cb29af1/test.cpp -> build/.conf_check_c59373285bc13999c3df79164cb29af1/testbuild/test.cpp.1.o
[0m
['/usr/bin/g++', '-O0', '-ggdb', '-g3', '-Wall', '-Werror', '-DNS3_ASSERT_ENABLE', '-DNS3_LOG_ENABLE', '-DINT64X64_USE_CAIRO=1', '../test.cpp', '-c', '-o', 'test.cpp.1.o']
[2/2] [33mcxxprogram: build/.conf_check_c59373285bc13999c3df79164cb29af1/testbuild/test.cpp.1.o -> build/.conf_check_c59373285bc13999c3df79164cb29af1/testbuild/testprog
[0m
['/usr/bin/g++', 'test.cpp.1.o', '-o', '/home/brook/nsuser/ns-allinone-3.15/ns-3.15/build/.conf_check_c59373285bc13999c3df79164cb29af1/testbuild/testprog', '-Wl,-Bstatic', '-Wl,-Bdynamic']
yes
-------------------------------------------------------------------------
Checking for header inttypes.h
==>
#include <inttypes.h>

int main() {
	return 0;
}

<==
[1/2] [32mcxx: build/.conf_check_591f7be6a22ba3cd4f507fd8bc09bd2a/test.cpp -> build/.conf_check_591f7be6a22ba3cd4f507fd8bc09bd2a/testbuild/test.cpp.1.o
[0m
['/usr/bin/g++', '-O0', '-ggdb', '-g3', '-Wall', '-Werror', '-DNS3_ASSERT_ENABLE', '-DNS3_LOG_ENABLE', '-DINT64X64_USE_CAIRO=1', '-DHAVE_STDINT_H=1', '../test.cpp', '-c', '-o', 'test.cpp.1.o']
[2/2] [33mcxxprogram: build/.conf_check_591f7be6a22ba3cd4f507fd8bc09bd2a/testbuild/test.cpp.1.o -> build/.conf_check_591f7be6a22ba3cd4f507fd8bc09bd2a/testbuild/testprog
[0m
['/usr/bin/g++', 'test.cpp.1.o', '-o', '/home/brook/nsuser/ns-allinone-3.15/ns-3.15/build/.conf_check_591f7be6a22ba3cd4f507fd8bc09bd2a/testbuild/testprog', '-Wl,-Bstatic', '-Wl,-Bdynamic']
yes
-------------------------------------------------------------------------
Checking for header sys/inttypes.h
==>
#include <sys/inttypes.h>

int main() {
	return 0;
}

<==
[1/2] [32mcxx: build/.conf_check_2ca1edb217ad9cef6c81468eb5adffbb/test.cpp -> build/.conf_check_2ca1edb217ad9cef6c81468eb5adffbb/testbuild/test.cpp.1.o
[0m
['/usr/bin/g++', '-O0', '-ggdb', '-g3', '-Wall', '-Werror', '-DNS3_ASSERT_ENABLE', '-DNS3_LOG_ENABLE', '-DINT64X64_USE_CAIRO=1', '-DHAVE_STDINT_H=1', '-DHAVE_INTTYPES_H=1', '../test.cpp', '-c', '-o', 'test.cpp.1.o']
err: ../test.cpp:1:26: fatal error: sys/inttypes.h: No such file or directory
compilation terminated.

from /home/brook/nsuser/ns-allinone-3.15/ns-3.15/src/core: Test does not build: Traceback (most recent call last):
  File "/home/brook/nsuser/ns-allinone-3.15/ns-3.15/.waf-1.6.11-30618c54883417962c38f5d395f83584/waflib/Tools/c_config.py", line 445, in run_c_code
    bld.compile()
  File "/home/brook/nsuser/ns-allinone-3.15/ns-3.15/.waf-1.6.11-30618c54883417962c38f5d395f83584/waflib/Build.py", line 190, in compile
    raise Errors.BuildError(self.producer.error)
BuildError: Build failed
 -> task in 'testprog' failed (exit status 1): 
	{task 169057164: cxx test.cpp -> test.cpp.1.o}
['/usr/bin/g++', '-O0', '-ggdb', '-g3', '-Wall', '-Werror', '-DNS3_ASSERT_ENABLE', '-DNS3_LOG_ENABLE', '-DINT64X64_USE_CAIRO=1', '-DHAVE_STDINT_H=1', '-DHAVE_INTTYPES_H=1', '../test.cpp', '-c', '-o', 'test.cpp.1.o']

not found
from /home/brook/nsuser/ns-allinone-3.15/ns-3.15/src/core: The configuration failed
-------------------------------------------------------------------------
Checking for header sys/types.h
==>
#include <sys/types.h>

int main() {
	return 0;
}

<==
[1/2] [32mcxx: build/.conf_check_293985459965597c97c3759b44ed252b/test.cpp -> build/.conf_check_293985459965597c97c3759b44ed252b/testbuild/test.cpp.1.o
[0m
['/usr/bin/g++', '-O0', '-ggdb', '-g3', '-Wall', '-Werror', '-DNS3_ASSERT_ENABLE', '-DNS3_LOG_ENABLE', '-DINT64X64_USE_CAIRO=1', '-DHAVE_STDINT_H=1', '-DHAVE_INTTYPES_H=1', '../test.cpp', '-c', '-o', 'test.cpp.1.o']
[2/2] [33mcxxprogram: build/.conf_check_293985459965597c97c3759b44ed252b/testbuild/test.cpp.1.o -> build/.conf_check_293985459965597c97c3759b44ed252b/testbuild/testprog
[0m
['/usr/bin/g++', 'test.cpp.1.o', '-o', '/home/brook/nsuser/ns-allinone-3.15/ns-3.15/build/.conf_check_293985459965597c97c3759b44ed252b/testbuild/testprog', '-Wl,-Bstatic', '-Wl,-Bdynamic']
yes
-------------------------------------------------------------------------
Checking for header sys/stat.h
==>
#include <sys/stat.h>

int main() {
	return 0;
}

<==
[1/2] [32mcxx: build/.conf_check_114df6287ed99356d14a06682bc98197/test.cpp -> build/.conf_check_114df6287ed99356d14a06682bc98197/testbuild/test.cpp.1.o
[0m
['/usr/bin/g++', '-O0', '-ggdb', '-g3', '-Wall', '-Werror', '-DNS3_ASSERT_ENABLE', '-DNS3_LOG_ENABLE', '-DINT64X64_USE_CAIRO=1', '-DHAVE_STDINT_H=1', '-DHAVE_INTTYPES_H=1', '-DHAVE_SYS_TYPES_H=1', '../test.cpp', '-c', '-o', 'test.cpp.1.o']
[2/2] [33mcxxprogram: build/.conf_check_114df6287ed99356d14a06682bc98197/testbuild/test.cpp.1.o -> build/.conf_check_114df6287ed99356d14a06682bc98197/testbuild/testprog
[0m
['/usr/bin/g++', 'test.cpp.1.o', '-o', '/home/brook/nsuser/ns-allinone-3.15/ns-3.15/build/.conf_check_114df6287ed99356d14a06682bc98197/testbuild/testprog', '-Wl,-Bstatic', '-Wl,-Bdynamic']
yes
-------------------------------------------------------------------------
Checking for header dirent.h
==>
#include <dirent.h>

int main() {
	return 0;
}

<==
[1/2] [32mcxx: build/.conf_check_38008f7ca978e5462e378992d39050f1/test.cpp -> build/.conf_check_38008f7ca978e5462e378992d39050f1/testbuild/test.cpp.1.o
[0m
['/usr/bin/g++', '-O0', '-ggdb', '-g3', '-Wall', '-Werror', '-DNS3_ASSERT_ENABLE', '-DNS3_LOG_ENABLE', '-DINT64X64_USE_CAIRO=1', '-DHAVE_STDINT_H=1', '-DHAVE_INTTYPES_H=1', '-DHAVE_SYS_TYPES_H=1', '-DHAVE_SYS_STAT_H=1', '../test.cpp', '-c', '-o', 'test.cpp.1.o']
[2/2] [33mcxxprogram: build/.conf_check_38008f7ca978e5462e378992d39050f1/testbuild/test.cpp.1.o -> build/.conf_check_38008f7ca978e5462e378992d39050f1/testbuild/testprog
[0m
['/usr/bin/g++', 'test.cpp.1.o', '-o', '/home/brook/nsuser/ns-allinone-3.15/ns-3.15/build/.conf_check_38008f7ca978e5462e378992d39050f1/testbuild/testprog', '-Wl,-Bstatic', '-Wl,-Bdynamic']
yes
-------------------------------------------------------------------------
Checking for header stdlib.h
==>
#include <stdlib.h>

int main() {
	return 0;
}

<==
[1/2] [32mcxx: build/.conf_check_29f41b0aad55c9546dfc9b7ce9859059/test.cpp -> build/.conf_check_29f41b0aad55c9546dfc9b7ce9859059/testbuild/test.cpp.1.o
[0m
['/usr/bin/g++', '-O0', '-ggdb', '-g3', '-Wall', '-Werror', '-DNS3_ASSERT_ENABLE', '-DNS3_LOG_ENABLE', '-DINT64X64_USE_CAIRO=1', '-DHAVE_STDINT_H=1', '-DHAVE_INTTYPES_H=1', '-DHAVE_SYS_TYPES_H=1', '-DHAVE_SYS_STAT_H=1', '-DHAVE_DIRENT_H=1', '../test.cpp', '-c', '-o', 'test.cpp.1.o']
[2/2] [33mcxxprogram: build/.conf_check_29f41b0aad55c9546dfc9b7ce9859059/testbuild/test.cpp.1.o -> build/.conf_check_29f41b0aad55c9546dfc9b7ce9859059/testbuild/testprog
[0m
['/usr/bin/g++', 'test.cpp.1.o', '-o', '/home/brook/nsuser/ns-allinone-3.15/ns-3.15/build/.conf_check_29f41b0aad55c9546dfc9b7ce9859059/testbuild/testprog', '-Wl,-Bstatic', '-Wl,-Bdynamic']
yes
-------------------------------------------------------------------------
Checking for header signal.h
==>
#include <signal.h>

int main() {
	return 0;
}

<==
[1/2] [32mcxx: build/.conf_check_cc227f9b4319ad1c726eca4fb806395e/test.cpp -> build/.conf_check_cc227f9b4319ad1c726eca4fb806395e/testbuild/test.cpp.1.o
[0m
['/usr/bin/g++', '-O0', '-ggdb', '-g3', '-Wall', '-Werror', '-DNS3_ASSERT_ENABLE', '-DNS3_LOG_ENABLE', '-DINT64X64_USE_CAIRO=1', '-DHAVE_STDINT_H=1', '-DHAVE_INTTYPES_H=1', '-DHAVE_SYS_TYPES_H=1', '-DHAVE_SYS_STAT_H=1', '-DHAVE_DIRENT_H=1', '-DHAVE_STDLIB_H=1', '-DHAVE_GETENV=1', '../test.cpp', '-c', '-o', 'test.cpp.1.o']
[2/2] [33mcxxprogram: build/.conf_check_cc227f9b4319ad1c726eca4fb806395e/testbuild/test.cpp.1.o -> build/.conf_check_cc227f9b4319ad1c726eca4fb806395e/testbuild/testprog
[0m
['/usr/bin/g++', 'test.cpp.1.o', '-o', '/home/brook/nsuser/ns-allinone-3.15/ns-3.15/build/.conf_check_cc227f9b4319ad1c726eca4fb806395e/testbuild/testprog', '-Wl,-Bstatic', '-Wl,-Bdynamic']
yes
-------------------------------------------------------------------------
Checking for header pthread.h
==>

#include <pthread.h>
int main ()
{
   pthread_mutex_t m;
   pthread_mutex_init (&m, NULL);
   return 0;
}

<==
[1/2] [32mcxx: build/.conf_check_2be466e82e703a744ee152afe2b58299/test.cpp -> build/.conf_check_2be466e82e703a744ee152afe2b58299/testbuild/test.cpp.1.o
[0m
['/usr/bin/g++', '-O0', '-ggdb', '-g3', '-Wall', '-Werror', '-pthread', '-DNS3_ASSERT_ENABLE', '-DNS3_LOG_ENABLE', '-DINT64X64_USE_CAIRO=1', '-DHAVE_STDINT_H=1', '-DHAVE_INTTYPES_H=1', '-DHAVE_SYS_TYPES_H=1', '-DHAVE_SYS_STAT_H=1', '-DHAVE_DIRENT_H=1', '-DHAVE_STDLIB_H=1', '-DHAVE_GETENV=1', '-DHAVE_SIGNAL_H=1', '../test.cpp', '-c', '-o', 'test.cpp.1.o']
[2/2] [33mcxxprogram: build/.conf_check_2be466e82e703a744ee152afe2b58299/testbuild/test.cpp.1.o -> build/.conf_check_2be466e82e703a744ee152afe2b58299/testbuild/testprog
[0m
['/usr/bin/g++', '-pthread', 'test.cpp.1.o', '-o', '/home/brook/nsuser/ns-allinone-3.15/ns-3.15/build/.conf_check_2be466e82e703a744ee152afe2b58299/testbuild/testprog', '-Wl,-Bstatic', '-Wl,-Bdynamic']
yes
-------------------------------------------------------------------------
Checking for header stdint.h
==>
#include <stdint.h>

int main() {
	return 0;
}

<==
[1/2] [32mcxx: build/.conf_check_c59373285bc13999c3df79164cb29af1/test.cpp -> build/.conf_check_c59373285bc13999c3df79164cb29af1/testbuild/test.cpp.1.o
[0m
['/usr/bin/g++', '-O0', '-ggdb', '-g3', '-Wall', '-Werror', '-DNS3_ASSERT_ENABLE', '-DNS3_LOG_ENABLE', '-DINT64X64_USE_CAIRO=1', '-DHAVE_INTTYPES_H=1', '-DHAVE_SYS_TYPES_H=1', '-DHAVE_SYS_STAT_H=1', '-DHAVE_DIRENT_H=1', '-DHAVE_STDLIB_H=1', '-DHAVE_GETENV=1', '-DHAVE_SIGNAL_H=1', '-DHAVE_PTHREAD_H=1', '../test.cpp', '-c', '-o', 'test.cpp.1.o']
[2/2] [33mcxxprogram: build/.conf_check_c59373285bc13999c3df79164cb29af1/testbuild/test.cpp.1.o -> build/.conf_check_c59373285bc13999c3df79164cb29af1/testbuild/testprog
[0m
['/usr/bin/g++', 'test.cpp.1.o', '-o', '/home/brook/nsuser/ns-allinone-3.15/ns-3.15/build/.conf_check_c59373285bc13999c3df79164cb29af1/testbuild/testprog', '-Wl,-Bstatic', '-Wl,-Bdynamic']
yes
-------------------------------------------------------------------------
Checking for header inttypes.h
==>
#include <inttypes.h>

int main() {
	return 0;
}

<==
[1/2] [32mcxx: build/.conf_check_591f7be6a22ba3cd4f507fd8bc09bd2a/test.cpp -> build/.conf_check_591f7be6a22ba3cd4f507fd8bc09bd2a/testbuild/test.cpp.1.o
[0m
['/usr/bin/g++', '-O0', '-ggdb', '-g3', '-Wall', '-Werror', '-DNS3_ASSERT_ENABLE', '-DNS3_LOG_ENABLE', '-DINT64X64_USE_CAIRO=1', '-DHAVE_SYS_TYPES_H=1', '-DHAVE_SYS_STAT_H=1', '-DHAVE_DIRENT_H=1', '-DHAVE_STDLIB_H=1', '-DHAVE_GETENV=1', '-DHAVE_SIGNAL_H=1', '-DHAVE_PTHREAD_H=1', '-DHAVE_STDINT_H=1', '../test.cpp', '-c', '-o', 'test.cpp.1.o']
[2/2] [33mcxxprogram: build/.conf_check_591f7be6a22ba3cd4f507fd8bc09bd2a/testbuild/test.cpp.1.o -> build/.conf_check_591f7be6a22ba3cd4f507fd8bc09bd2a/testbuild/testprog
[0m
['/usr/bin/g++', 'test.cpp.1.o', '-o', '/home/brook/nsuser/ns-allinone-3.15/ns-3.15/build/.conf_check_591f7be6a22ba3cd4f507fd8bc09bd2a/testbuild/testprog', '-Wl,-Bstatic', '-Wl,-Bdynamic']
yes
-------------------------------------------------------------------------
Checking for header sys/inttypes.h
==>
#include <sys/inttypes.h>

int main() {
	return 0;
}

<==
[1/2] [32mcxx: build/.conf_check_2ca1edb217ad9cef6c81468eb5adffbb/test.cpp -> build/.conf_check_2ca1edb217ad9cef6c81468eb5adffbb/testbuild/test.cpp.1.o
[0m
['/usr/bin/g++', '-O0', '-ggdb', '-g3', '-Wall', '-Werror', '-DNS3_ASSERT_ENABLE', '-DNS3_LOG_ENABLE', '-DINT64X64_USE_CAIRO=1', '-DHAVE_SYS_TYPES_H=1', '-DHAVE_SYS_STAT_H=1', '-DHAVE_DIRENT_H=1', '-DHAVE_STDLIB_H=1', '-DHAVE_GETENV=1', '-DHAVE_SIGNAL_H=1', '-DHAVE_PTHREAD_H=1', '-DHAVE_STDINT_H=1', '-DHAVE_INTTYPES_H=1', '../test.cpp', '-c', '-o', 'test.cpp.1.o']
err: ../test.cpp:1:26: fatal error: sys/inttypes.h: No such file or directory
compilation terminated.

from /home/brook/nsuser/ns-allinone-3.15/ns-3.15/src/core: Test does not build: Traceback (most recent call last):
  File "/home/brook/nsuser/ns-allinone-3.15/ns-3.15/.waf-1.6.11-30618c54883417962c38f5d395f83584/waflib/Tools/c_config.py", line 445, in run_c_code
    bld.compile()
  File "/home/brook/nsuser/ns-allinone-3.15/ns-3.15/.waf-1.6.11-30618c54883417962c38f5d395f83584/waflib/Build.py", line 190, in compile
    raise Errors.BuildError(self.producer.error)
BuildError: Build failed
 -> task in 'testprog' failed (exit status 1): 
	{task 168560844: cxx test.cpp -> test.cpp.1.o}
['/usr/bin/g++', '-O0', '-ggdb', '-g3', '-Wall', '-Werror', '-DNS3_ASSERT_ENABLE', '-DNS3_LOG_ENABLE', '-DINT64X64_USE_CAIRO=1', '-DHAVE_SYS_TYPES_H=1', '-DHAVE_SYS_STAT_H=1', '-DHAVE_DIRENT_H=1', '-DHAVE_STDLIB_H=1', '-DHAVE_GETENV=1', '-DHAVE_SIGNAL_H=1', '-DHAVE_PTHREAD_H=1', '-DHAVE_STDINT_H=1', '-DHAVE_INTTYPES_H=1', '../test.cpp', '-c', '-o', 'test.cpp.1.o']

not found
from /home/brook/nsuser/ns-allinone-3.15/ns-3.15/src/core: The configuration failed
-------------------------------------------------------------------------
Checking for library rt
==>

int main() {
	return 0;
}

<==
[1/2] [32mcxx: build/.conf_check_fc0bab0b855f90bf0795892663948c43/test.cpp -> build/.conf_check_fc0bab0b855f90bf0795892663948c43/testbuild/test.cpp.1.o
[0m
['/usr/bin/g++', '-O0', '-ggdb', '-g3', '-Wall', '-Werror', '-pthread', '-DNS3_ASSERT_ENABLE', '-DNS3_LOG_ENABLE', '-DINT64X64_USE_CAIRO=1', '-DHAVE_SYS_TYPES_H=1', '-DHAVE_SYS_STAT_H=1', '-DHAVE_DIRENT_H=1', '-DHAVE_STDLIB_H=1', '-DHAVE_GETENV=1', '-DHAVE_SIGNAL_H=1', '-DHAVE_PTHREAD_H=1', '-DHAVE_STDINT_H=1', '-DHAVE_INTTYPES_H=1', '../test.cpp', '-c', '-o', 'test.cpp.1.o']
[2/2] [33mcxxprogram: build/.conf_check_fc0bab0b855f90bf0795892663948c43/testbuild/test.cpp.1.o -> build/.conf_check_fc0bab0b855f90bf0795892663948c43/testbuild/testprog
[0m
['/usr/bin/g++', '-pthread', 'test.cpp.1.o', '-o', '/home/brook/nsuser/ns-allinone-3.15/ns-3.15/build/.conf_check_fc0bab0b855f90bf0795892663948c43/testbuild/testprog', '-Wl,-Bstatic', '-Wl,-Bdynamic', '-lrt']
yes
-------------------------------------------------------------------------
Checking for header netpacket/packet.h
==>
#include <netpacket/packet.h>

int main() {
	return 0;
}

<==
[1/2] [32mcxx: build/.conf_check_0927534631877d46f179382e3e16c60a/test.cpp -> build/.conf_check_0927534631877d46f179382e3e16c60a/testbuild/test.cpp.1.o
[0m
['/usr/bin/g++', '-O0', '-ggdb', '-g3', '-Wall', '-Werror', '-DNS3_ASSERT_ENABLE', '-DNS3_LOG_ENABLE', '../test.cpp', '-c', '-o', 'test.cpp.1.o']
[2/2] [33mcxxprogram: build/.conf_check_0927534631877d46f179382e3e16c60a/testbuild/test.cpp.1.o -> build/.conf_check_0927534631877d46f179382e3e16c60a/testbuild/testprog
[0m
['/usr/bin/g++', 'test.cpp.1.o', '-o', '/home/brook/nsuser/ns-allinone-3.15/ns-3.15/build/.conf_check_0927534631877d46f179382e3e16c60a/testbuild/testprog', '-Wl,-Bstatic', '-Wl,-Bdynamic']
yes
-------------------------------------------------------------------------
Checking for NSC location
../nsc-0.5.3 (given)
-------------------------------------------------------------------------
Checking for library dl
==>

int main() {
	return 0;
}

<==
[1/2] [32mcxx: build/.conf_check_d41260396f19e38ce84fe4d01cedee3c/test.cpp -> build/.conf_check_d41260396f19e38ce84fe4d01cedee3c/testbuild/test.cpp.1.o
[0m
['/usr/bin/g++', '-O0', '-ggdb', '-g3', '-Wall', '-Werror', '-DNS3_ASSERT_ENABLE', '-DNS3_LOG_ENABLE', '-DHAVE_PACKET_H=1', '../test.cpp', '-c', '-o', 'test.cpp.1.o']
[2/2] [33mcxxprogram: build/.conf_check_d41260396f19e38ce84fe4d01cedee3c/testbuild/test.cpp.1.o -> build/.conf_check_d41260396f19e38ce84fe4d01cedee3c/testbuild/testprog
[0m
['/usr/bin/g++', 'test.cpp.1.o', '-o', '/home/brook/nsuser/ns-allinone-3.15/ns-3.15/build/.conf_check_d41260396f19e38ce84fe4d01cedee3c/testbuild/testprog', '-Wl,-Bstatic', '-Wl,-Bdynamic', '-ldl']
yes
-------------------------------------------------------------------------
Checking for NSC supported architecture i686
ok
-------------------------------------------------------------------------
Checking boost includes
1_46_1
-------------------------------------------------------------------------
Checking boost libs
ok
-------------------------------------------------------------------------
Checking for OpenFlow location
not found
-------------------------------------------------------------------------
Checking for library sqlite3
==>

int main() {
	return 0;
}

<==
[1/2] [32mcxx: build/.conf_check_39b3cecfac3989b2ed760243cef109e6/test.cpp -> build/.conf_check_39b3cecfac3989b2ed760243cef109e6/testbuild/test.cpp.1.o
[0m
['/usr/bin/g++', '-O0', '-ggdb', '-g3', '-Wall', '-Werror', '-DNS3_ASSERT_ENABLE', '-DNS3_LOG_ENABLE', '-DHAVE_PACKET_H=1', '-DHAVE_DL=1', '../test.cpp', '-c', '-o', 'test.cpp.1.o']
[2/2] [33mcxxprogram: build/.conf_check_39b3cecfac3989b2ed760243cef109e6/testbuild/test.cpp.1.o -> build/.conf_check_39b3cecfac3989b2ed760243cef109e6/testbuild/testprog
[0m
['/usr/bin/g++', 'test.cpp.1.o', '-o', '/home/brook/nsuser/ns-allinone-3.15/ns-3.15/build/.conf_check_39b3cecfac3989b2ed760243cef109e6/testbuild/testprog', '-Wl,-Bstatic', '-Wl,-Bdynamic', '-lsqlite3']
yes
-------------------------------------------------------------------------
Checking for header linux/if_tun.h
==>
#include <linux/if_tun.h>

int main() {
	return 0;
}

<==
[1/2] [32mcxx: build/.conf_check_e2bf758aaca47858b67848f504a8de27/test.cpp -> build/.conf_check_e2bf758aaca47858b67848f504a8de27/testbuild/test.cpp.1.o
[0m
['/usr/bin/g++', '-O0', '-ggdb', '-g3', '-Wall', '-Werror', '-DNS3_ASSERT_ENABLE', '-DNS3_LOG_ENABLE', '-DHAVE_PACKET_H=1', '-DHAVE_DL=1', '-DSQLITE3=1', '../test.cpp', '-c', '-o', 'test.cpp.1.o']
[2/2] [33mcxxprogram: build/.conf_check_e2bf758aaca47858b67848f504a8de27/testbuild/test.cpp.1.o -> build/.conf_check_e2bf758aaca47858b67848f504a8de27/testbuild/testprog
[0m
['/usr/bin/g++', 'test.cpp.1.o', '-o', '/home/brook/nsuser/ns-allinone-3.15/ns-3.15/build/.conf_check_e2bf758aaca47858b67848f504a8de27/testbuild/testprog', '-Wl,-Bstatic', '-Wl,-Bdynamic']
yes
-------------------------------------------------------------------------
Python module gtk
['/usr/bin/python', '-c', "\nimport gtk as current_module\nversion = getattr(current_module, '__version__', None)\nif version is not None:\n    print(str(version))\nelse:\n    print('unknown version')\n"]
out: unknown version

ok
-------------------------------------------------------------------------
Python module goocanvas
['/usr/bin/python', '-c', "\nimport goocanvas as current_module\nversion = getattr(current_module, '__version__', None)\nif version is not None:\n    print(str(version))\nelse:\n    print('unknown version')\n"]
out: 0.14.1

0.14.1
-------------------------------------------------------------------------
Python module pygraphviz
['/usr/bin/python', '-c', "\nimport pygraphviz as current_module\nversion = getattr(current_module, '__version__', None)\nif version is not None:\n    print(str(version))\nelse:\n    print('unknown version')\n"]
out: 1.1

1.1
-------------------------------------------------------------------------
Checking for program sudo
/usr/bin/sudo
find program=['sudo'] paths=['/usr/lib/lightdm/lightdm', '/usr/local/sbin', '/usr/local/bin', '/usr/sbin', '/usr/bin', '/sbin', '/bin', '/usr/games'] var='SUDO' -> '/usr/bin/sudo'
-------------------------------------------------------------------------
Checking for program valgrind
/usr/bin/valgrind
find program=['valgrind'] paths=['/usr/lib/lightdm/lightdm', '/usr/local/sbin', '/usr/local/bin', '/usr/sbin', '/usr/bin', '/sbin', '/bin', '/usr/games'] var='VALGRIND' -> '/usr/bin/valgrind'
-------------------------------------------------------------------------
Checking for pkg-config flags for GSL
['/usr/bin/pkg-config', '--cflags', '--libs', 'gsl']: ' -lgsl -lgslcblas -lm  \n' (exit code 0)

ok
-------------------------------------------------------------------------
Checking for compilation flag -Wno-error=deprecated-d... support
==>
#include <stdio.h>
int main() { return 0; }

<==
[1/2] [32mcxx: build/.conf_check_fe0ca542f39064c5a14ee41a2e983996/test.cc -> build/.conf_check_fe0ca542f39064c5a14ee41a2e983996/testbuild/test.cc.1.o
[0m
['/usr/bin/g++', '-O0', '-ggdb', '-g3', '-Wall', '-Werror', '-Wno-error=deprecated-declarations', '-DNS3_ASSERT_ENABLE', '-DNS3_LOG_ENABLE', '-DHAVE_PACKET_H=1', '-DHAVE_DL=1', '-DSQLITE3=1', '-DHAVE_IF_TUN_H=1', '-DENABLE_GSL', '../test.cc', '-c', '-o', 'test.cc.1.o']
[2/2] [33mcxxprogram: build/.conf_check_fe0ca542f39064c5a14ee41a2e983996/testbuild/test.cc.1.o -> build/.conf_check_fe0ca542f39064c5a14ee41a2e983996/testbuild/testprog
[0m
['/usr/bin/g++', 'test.cc.1.o', '-o', '/home/brook/nsuser/ns-allinone-3.15/ns-3.15/build/.conf_check_fe0ca542f39064c5a14ee41a2e983996/testbuild/testprog', '-Wl,-Bstatic', '-Wl,-Bdynamic']
ok
-------------------------------------------------------------------------
Checking for compilation flag -Wno-error=deprecated-d... support
==>
#include <stdio.h>
int main() { return 0; }

<==
[1/2] [32mc: build/.conf_check_d8a2c40aecfb7c8eac7dd03fcbfb1110/test.c -> build/.conf_check_d8a2c40aecfb7c8eac7dd03fcbfb1110/testbuild/test.c.1.o
[0m
['/usr/bin/gcc', '-Wno-error=deprecated-declarations', '-DNS3_ASSERT_ENABLE', '-DNS3_LOG_ENABLE', '-DHAVE_PACKET_H=1', '-DHAVE_DL=1', '-DSQLITE3=1', '-DHAVE_IF_TUN_H=1', '-DENABLE_GSL', '../test.c', '-c', '-o', 'test.c.1.o']
[2/2] [33mcprogram: build/.conf_check_d8a2c40aecfb7c8eac7dd03fcbfb1110/testbuild/test.c.1.o -> build/.conf_check_d8a2c40aecfb7c8eac7dd03fcbfb1110/testbuild/testprog
[0m
['/usr/bin/gcc', 'test.c.1.o', '-o', '/home/brook/nsuser/ns-allinone-3.15/ns-3.15/build/.conf_check_d8a2c40aecfb7c8eac7dd03fcbfb1110/testbuild/testprog', '-Wl,-Bstatic', '-Wl,-Bdynamic']
ok
-------------------------------------------------------------------------
Checking for compilation flag -fstrict-aliasing... support
==>
#include <stdio.h>
int main() { return 0; }

<==
[1/2] [32mcxx: build/.conf_check_fe0ca542f39064c5a14ee41a2e983996/test.cc -> build/.conf_check_fe0ca542f39064c5a14ee41a2e983996/testbuild/test.cc.1.o
[0m
['/usr/bin/g++', '-O0', '-ggdb', '-g3', '-Wall', '-Werror', '-Wno-error=deprecated-declarations', '-fstrict-aliasing', '-DNS3_ASSERT_ENABLE', '-DNS3_LOG_ENABLE', '-DHAVE_PACKET_H=1', '-DHAVE_DL=1', '-DSQLITE3=1', '-DHAVE_IF_TUN_H=1', '-DENABLE_GSL', '../test.cc', '-c', '-o', 'test.cc.1.o']
[2/2] [33mcxxprogram: build/.conf_check_fe0ca542f39064c5a14ee41a2e983996/testbuild/test.cc.1.o -> build/.conf_check_fe0ca542f39064c5a14ee41a2e983996/testbuild/testprog
[0m
['/usr/bin/g++', 'test.cc.1.o', '-o', '/home/brook/nsuser/ns-allinone-3.15/ns-3.15/build/.conf_check_fe0ca542f39064c5a14ee41a2e983996/testbuild/testprog', '-Wl,-Bstatic', '-Wl,-Bdynamic']
ok
-------------------------------------------------------------------------
Checking for compilation flag -fstrict-aliasing... support
==>
#include <stdio.h>
int main() { return 0; }

<==
[1/2] [32mc: build/.conf_check_d8a2c40aecfb7c8eac7dd03fcbfb1110/test.c -> build/.conf_check_d8a2c40aecfb7c8eac7dd03fcbfb1110/testbuild/test.c.1.o
[0m
['/usr/bin/gcc', '-fstrict-aliasing', '-DNS3_ASSERT_ENABLE', '-DNS3_LOG_ENABLE', '-DHAVE_PACKET_H=1', '-DHAVE_DL=1', '-DSQLITE3=1', '-DHAVE_IF_TUN_H=1', '-DENABLE_GSL', '../test.c', '-c', '-o', 'test.c.1.o']
[2/2] [33mcprogram: build/.conf_check_d8a2c40aecfb7c8eac7dd03fcbfb1110/testbuild/test.c.1.o -> build/.conf_check_d8a2c40aecfb7c8eac7dd03fcbfb1110/testbuild/testprog
[0m
['/usr/bin/gcc', 'test.c.1.o', '-o', '/home/brook/nsuser/ns-allinone-3.15/ns-3.15/build/.conf_check_d8a2c40aecfb7c8eac7dd03fcbfb1110/testbuild/testprog', '-Wl,-Bstatic', '-Wl,-Bdynamic']
ok
-------------------------------------------------------------------------
Checking for compilation flag -Wstrict-aliasing... support
==>
#include <stdio.h>
int main() { return 0; }

<==
[1/2] [32mcxx: build/.conf_check_fe0ca542f39064c5a14ee41a2e983996/test.cc -> build/.conf_check_fe0ca542f39064c5a14ee41a2e983996/testbuild/test.cc.1.o
[0m
['/usr/bin/g++', '-O0', '-ggdb', '-g3', '-Wall', '-Werror', '-Wno-error=deprecated-declarations', '-fstrict-aliasing', '-Wstrict-aliasing', '-DNS3_ASSERT_ENABLE', '-DNS3_LOG_ENABLE', '-DHAVE_PACKET_H=1', '-DHAVE_DL=1', '-DSQLITE3=1', '-DHAVE_IF_TUN_H=1', '-DENABLE_GSL', '../test.cc', '-c', '-o', 'test.cc.1.o']
[2/2] [33mcxxprogram: build/.conf_check_fe0ca542f39064c5a14ee41a2e983996/testbuild/test.cc.1.o -> build/.conf_check_fe0ca542f39064c5a14ee41a2e983996/testbuild/testprog
[0m
['/usr/bin/g++', 'test.cc.1.o', '-o', '/home/brook/nsuser/ns-allinone-3.15/ns-3.15/build/.conf_check_fe0ca542f39064c5a14ee41a2e983996/testbuild/testprog', '-Wl,-Bstatic', '-Wl,-Bdynamic']
ok
-------------------------------------------------------------------------
Checking for compilation flag -Wstrict-aliasing... support
==>
#include <stdio.h>
int main() { return 0; }

<==
[1/2] [32mc: build/.conf_check_d8a2c40aecfb7c8eac7dd03fcbfb1110/test.c -> build/.conf_check_d8a2c40aecfb7c8eac7dd03fcbfb1110/testbuild/test.c.1.o
[0m
['/usr/bin/gcc', '-Wstrict-aliasing', '-DNS3_ASSERT_ENABLE', '-DNS3_LOG_ENABLE', '-DHAVE_PACKET_H=1', '-DHAVE_DL=1', '-DSQLITE3=1', '-DHAVE_IF_TUN_H=1', '-DENABLE_GSL', '../test.c', '-c', '-o', 'test.c.1.o']
[2/2] [33mcprogram: build/.conf_check_d8a2c40aecfb7c8eac7dd03fcbfb1110/testbuild/test.c.1.o -> build/.conf_check_d8a2c40aecfb7c8eac7dd03fcbfb1110/testbuild/testprog
[0m
['/usr/bin/gcc', 'test.c.1.o', '-o', '/home/brook/nsuser/ns-allinone-3.15/ns-3.15/build/.conf_check_d8a2c40aecfb7c8eac7dd03fcbfb1110/testbuild/testprog', '-Wl,-Bstatic', '-Wl,-Bdynamic']
ok
-------------------------------------------------------------------------
Checking for program doxygen
/usr/bin/doxygen
find program=['doxygen'] paths=['/usr/lib/lightdm/lightdm', '/usr/local/sbin', '/usr/local/bin', '/usr/sbin', '/usr/bin', '/sbin', '/bin', '/usr/games'] var='DOXYGEN' -> '/usr/bin/doxygen'
